Arguments: 
  /usr/local/bin/node /opt/homebrew/Cellar/yarn/1.22.18/libexec/bin/yarn.js init

PATH: 
  /Users/abaston/Library/Android/sdk/platform-tools:/Users/abaston/Library/Android/sdk/tools:/Library/Frameworks/Python.framework/Versions/3.10/bin:/opt/homebrew/bin:/opt/homebrew/sbin:/usr/local/bin:/usr/bin:/bin:/usr/sbin:/sbin:/Library/Apple/usr/bin:/Users/abaston/Library/Android/sdk/platform-tools:/Users/abaston/Library/Android/sdk/tools:/Library/Frameworks/Python.framework/Versions/3.10/bin:/opt/homebrew/bin:/opt/homebrew/sbin:/Users/abaston/development/flutter/bin:/Users/abaston/development/flutter/bin

Yarn version: 
  1.22.18

Node version: 
  16.14.2

Platform: 
  darwin arm64

Trace: 
  Error: canceled
      at Interface.<anonymous> (/opt/homebrew/Cellar/yarn/1.22.18/libexec/lib/cli.js:137143:13)
      at Interface.emit (node:events:526:28)
      at Interface._ttyWrite (node:readline:1081:16)
      at ReadStream.onkeypress (node:readline:288:10)
      at ReadStream.emit (node:events:526:28)
      at emitKeys (node:internal/readline/utils:358:14)
      at emitKeys.next (<anonymous>)
      at ReadStream.onData (node:internal/readline/emitKeypressEvents:61:36)
      at ReadStream.emit (node:events:526:28)
      at addChunk (node:internal/streams/readable:315:12)

npm manifest: 
  No manifest

yarn manifest: 
  No manifest

Lockfile: 
  No lockfile
